Try 0
Optimization terminated successfully.    (Exit mode 0)
            Current function value: -324467.47606923955
            Iterations: 63
            Function evaluations: 63
            Gradient evaluations: 63
Try 0
Optimization terminated successfully.    (Exit mode 0)
            Current function value: -364492.7243166336
            Iterations: 94
            Function evaluations: 94
            Gradient evaluations: 94
Try 0
Optimization terminated successfully.    (Exit mode 0)
            Current function value: -475272.3391099045
            Iterations: 114
            Function evaluations: 114
            Gradient evaluations: 114
Try 0
Optimization terminated successfully.    (Exit mode 0)
            Current function value: -724605.6258187951
            Iterations: 122
            Function evaluations: 122
            Gradient evaluations: 122
Try 0
Optimization terminated successfully.    (Exit mode 0)
            Current function value: -949524.478527451
            Iterations: 116
            Function evaluations: 116
            Gradient evaluations: 116
Try 0
Optimization terminated successfully.    (Exit mode 0)
            Current function value: -1214600.501858517
            Iterations: 147
            Function evaluations: 148
            Gradient evaluations: 147
Try 0
Optimization terminated successfully.    (Exit mode 0)
            Current function value: -1567299.365946683
            Iterations: 156
            Function evaluations: 155
            Gradient evaluations: 155
Try 0
Optimization terminated successfully.    (Exit mode 0)
            Current function value: -1742298.7923643156
            Iterations: 151
            Function evaluations: 150
            Gradient evaluations: 150
Try 0
Optimization terminated successfully.    (Exit mode 0)
            Current function value: -1837678.6687086334
            Iterations: 176
            Function evaluations: 176
            Gradient evaluations: 176
Try 0
Optimization terminated successfully.    (Exit mode 0)
            Current function value: -1964675.9406691631
            Iterations: 22
            Function evaluations: 22
            Gradient evaluations: 22
Try 0
Optimization terminated successfully.    (Exit mode 0)
            Current function value: -2062846.8543401153
            Iterations: 189
            Function evaluations: 189
            Gradient evaluations: 189
Try 0
Optimization terminated successfully.    (Exit mode 0)
            Current function value: -2328098.7741713985
            Iterations: 231
            Function evaluations: 230
            Gradient evaluations: 230
Try 0
Optimization terminated successfully.    (Exit mode 0)
            Current function value: -2902224.9454721864
            Iterations: 184
            Function evaluations: 183
            Gradient evaluations: 183
Try 0
Optimization terminated successfully.    (Exit mode 0)
            Current function value: -3152332.1767750634
            Iterations: 209
            Function evaluations: 209
            Gradient evaluations: 209
Try 0
Optimization terminated successfully.    (Exit mode 0)
            Current function value: -3033267.8368939487
            Iterations: 234
            Function evaluations: 234
            Gradient evaluations: 234
Try 0
Optimization terminated successfully.    (Exit mode 0)
            Current function value: -3300771.2319100923
            Iterations: 245
            Function evaluations: 245
            Gradient evaluations: 245
Try 0
Optimization terminated successfully.    (Exit mode 0)
            Current function value: -3550101.1980472975
            Iterations: 251
            Function evaluations: 250
            Gradient evaluations: 250
Try 0
Optimization terminated successfully.    (Exit mode 0)
            Current function value: -3816584.3933661375
            Iterations: 273
            Function evaluations: 272
            Gradient evaluations: 272
Try 0
Optimization terminated successfully.    (Exit mode 0)
            Current function value: -3831394.878537542
            Iterations: 311
            Function evaluations: 312
            Gradient evaluations: 311
Try 0
Optimization terminated successfully.    (Exit mode 0)
            Current function value: -4054774.6368915546
            Iterations: 309
            Function evaluations: 309
            Gradient evaluations: 309
Try 0
Optimization terminated successfully.    (Exit mode 0)
            Current function value: -4159784.8465320477
            Iterations: 305
            Function evaluations: 304
            Gradient evaluations: 304
Try 0
Optimization terminated successfully.    (Exit mode 0)
            Current function value: -4258366.039150163
            Iterations: 293
            Function evaluations: 292
            Gradient evaluations: 292
Try 0
Optimization terminated successfully.    (Exit mode 0)
            Current function value: -4368934.578145161
            Iterations: 321
            Function evaluations: 320
            Gradient evaluations: 320
Try 0
Optimization terminated successfully.    (Exit mode 0)
            Current function value: -4433523.247971142
            Iterations: 168
            Function evaluations: 167
            Gradient evaluations: 167
Try 0
Optimization terminated successfully.    (Exit mode 0)
            Current function value: -4643939.434373889
            Iterations: 247
            Function evaluations: 247
            Gradient evaluations: 246
Try 0
Optimization terminated successfully.    (Exit mode 0)
            Current function value: -4688898.920894599
            Iterations: 304
            Function evaluations: 304
            Gradient evaluations: 304
Try 0
Optimization terminated successfully.    (Exit mode 0)
            Current function value: -4601796.895228203
            Iterations: 306
            Function evaluations: 305
            Gradient evaluations: 305
Try 0
Optimization terminated successfully.    (Exit mode 0)
            Current function value: -4768304.579756678
            Iterations: 402
            Function evaluations: 401
            Gradient evaluations: 401
Try 0
Optimization terminated successfully.    (Exit mode 0)
            Current function value: -4879143.54259018
            Iterations: 417
            Function evaluations: 417
            Gradient evaluations: 416
Try 0
Optimization terminated successfully.    (Exit mode 0)
            Current function value: -5020596.895262655
            Iterations: 433
            Function evaluations: 432
            Gradient evaluations: 432
Try 0
Optimization terminated successfully.    (Exit mode 0)
            Current function value: -5373658.968256611
            Iterations: 352
            Function evaluations: 352
            Gradient evaluations: 351
Try 0
Optimization terminated successfully.    (Exit mode 0)
            Current function value: -5308495.947470845
            Iterations: 471
            Function evaluations: 471
            Gradient evaluations: 470
Try 0
Optimization terminated successfully.    (Exit mode 0)
            Current function value: -5385571.72030691
            Iterations: 464
            Function evaluations: 475
            Gradient evaluations: 463
Try 0
Optimization terminated successfully.    (Exit mode 0)
            Current function value: -5479120.2269099485
            Iterations: 379
            Function evaluations: 378
            Gradient evaluations: 378
Try 0
Optimization terminated successfully.    (Exit mode 0)
            Current function value: -5567797.25956402
            Iterations: 471
            Function evaluations: 471
            Gradient evaluations: 470
Try 0
Optimization terminated successfully.    (Exit mode 0)
            Current function value: -5463829.643970318
            Iterations: 308
            Function evaluations: 307
            Gradient evaluations: 307
Try 0
Optimization terminated successfully.    (Exit mode 0)
            Current function value: -5351782.038437932
            Iterations: 377
            Function evaluations: 378
            Gradient evaluations: 376
Try 0
Optimization terminated successfully.    (Exit mode 0)
            Current function value: -5407578.878339892
            Iterations: 386
            Function evaluations: 387
            Gradient evaluations: 386
Try 0
Optimization terminated successfully.    (Exit mode 0)
            Current function value: -5313180.3684153035
            Iterations: 257
            Function evaluations: 257
            Gradient evaluations: 257
Try 0
Optimization terminated successfully.    (Exit mode 0)
            Current function value: -5203897.999768864
            Iterations: 425
            Function evaluations: 427
            Gradient evaluations: 425
Try 0
Optimization terminated successfully.    (Exit mode 0)
            Current function value: -5304003.381947902
            Iterations: 343
            Function evaluations: 342
            Gradient evaluations: 342
Try 0
Optimization terminated successfully.    (Exit mode 0)
            Current function value: -5325461.670430264
            Iterations: 267
            Function evaluations: 266
            Gradient evaluations: 266
Try 0
Optimization terminated successfully.    (Exit mode 0)
            Current function value: -5440145.9092738135
            Iterations: 425
            Function evaluations: 426
            Gradient evaluations: 425
Try 0
Optimization terminated successfully.    (Exit mode 0)
            Current function value: -5498532.824999838
            Iterations: 282
            Function evaluations: 282
            Gradient evaluations: 282
Try 0
Optimization terminated successfully.    (Exit mode 0)
            Current function value: -5467082.458955857
            Iterations: 317
            Function evaluations: 317
            Gradient evaluations: 317
Try 0
Optimization terminated successfully.    (Exit mode 0)
            Current function value: -5079531.368954614
            Iterations: 407
            Function evaluations: 407
            Gradient evaluations: 407
Try 0
Optimization terminated successfully.    (Exit mode 0)
            Current function value: -5193264.315051874
            Iterations: 264
            Function evaluations: 263
            Gradient evaluations: 263
Try 0
Optimization terminated successfully.    (Exit mode 0)
            Current function value: -5271867.010064725
            Iterations: 275
            Function evaluations: 275
            Gradient evaluations: 274
Try 0
Optimization terminated successfully.    (Exit mode 0)
            Current function value: -5334530.325830734
            Iterations: 359
            Function evaluations: 358
            Gradient evaluations: 358
Try 0
Optimization terminated successfully.    (Exit mode 0)
            Current function value: -5259891.528435051
            Iterations: 355
            Function evaluations: 357
            Gradient evaluations: 355
Try 0
Optimization terminated successfully.    (Exit mode 0)
            Current function value: -5243242.236158138
            Iterations: 178
            Function evaluations: 178
            Gradient evaluations: 177
Try 0
Optimization terminated successfully.    (Exit mode 0)
            Current function value: -5331588.814413754
            Iterations: 276
            Function evaluations: 276
            Gradient evaluations: 275
Try 0
Optimization terminated successfully.    (Exit mode 0)
            Current function value: -5283069.191471743
            Iterations: 373
            Function evaluations: 374
            Gradient evaluations: 373
Try 0
Optimization terminated successfully.    (Exit mode 0)
            Current function value: -5182957.128085321
            Iterations: 117
            Function evaluations: 117
            Gradient evaluations: 117
Try 0
Optimization terminated successfully.    (Exit mode 0)
            Current function value: -5007437.178230356
            Iterations: 252
            Function evaluations: 252
            Gradient evaluations: 252
Try 0
Optimization terminated successfully.    (Exit mode 0)
            Current function value: -4619258.792169529
            Iterations: 260
            Function evaluations: 259
            Gradient evaluations: 259
Try 0
Optimization terminated successfully.    (Exit mode 0)
            Current function value: -4457049.226002639
            Iterations: 374
            Function evaluations: 374
            Gradient evaluations: 373
Try 0
Optimization terminated successfully.    (Exit mode 0)
            Current function value: -4609937.867977038
            Iterations: 346
            Function evaluations: 345
            Gradient evaluations: 345
Try 0
Optimization terminated successfully.    (Exit mode 0)
            Current function value: -4532325.1748056775
            Iterations: 95
            Function evaluations: 95
            Gradient evaluations: 95
Try 0
Optimization terminated successfully.    (Exit mode 0)
            Current function value: -4615694.750721425
            Iterations: 162
            Function evaluations: 163
            Gradient evaluations: 162
Try 0
Optimization terminated successfully.    (Exit mode 0)
            Current function value: -4637935.67309892
            Iterations: 176
            Function evaluations: 176
            Gradient evaluations: 176
Try 0
Optimization terminated successfully.    (Exit mode 0)
            Current function value: -4678277.308280395
            Iterations: 337
            Function evaluations: 336
            Gradient evaluations: 336
Try 0
Optimization terminated successfully.    (Exit mode 0)
            Current function value: -4591891.914030932
            Iterations: 314
            Function evaluations: 313
            Gradient evaluations: 313
Try 0
Optimization terminated successfully.    (Exit mode 0)
            Current function value: -4667050.483260334
            Iterations: 296
            Function evaluations: 295
            Gradient evaluations: 295
Try 0
Optimization terminated successfully.    (Exit mode 0)
            Current function value: -4670150.396700385
            Iterations: 121
            Function evaluations: 120
            Gradient evaluations: 120
Try 0
Optimization terminated successfully.    (Exit mode 0)
            Current function value: -4685965.700465645
            Iterations: 205
            Function evaluations: 204
            Gradient evaluations: 204
Try 0
Optimization terminated successfully.    (Exit mode 0)
            Current function value: -4664824.71925483
            Iterations: 167
            Function evaluations: 166
            Gradient evaluations: 166
Try 0
Optimization terminated successfully.    (Exit mode 0)
            Current function value: -4792419.58585786
            Iterations: 273
            Function evaluations: 273
            Gradient evaluations: 273
Try 0
Optimization terminated successfully.    (Exit mode 0)
            Current function value: -4888276.3017613385
            Iterations: 272
            Function evaluations: 271
            Gradient evaluations: 271
Try 0
Optimization terminated successfully.    (Exit mode 0)
            Current function value: -4817128.157482427
            Iterations: 205
            Function evaluations: 204
            Gradient evaluations: 204
Try 0
Optimization terminated successfully.    (Exit mode 0)
            Current function value: -4832315.919512921
            Iterations: 269
            Function evaluations: 270
            Gradient evaluations: 269
Try 0
Optimization terminated successfully.    (Exit mode 0)
            Current function value: -5017098.559388278
            Iterations: 243
            Function evaluations: 242
            Gradient evaluations: 242
Try 0
Optimization terminated successfully.    (Exit mode 0)
            Current function value: -4916120.122958593
            Iterations: 265
            Function evaluations: 264
            Gradient evaluations: 264
Try 0
Optimization terminated successfully.    (Exit mode 0)
            Current function value: -5067101.407634303
            Iterations: 263
            Function evaluations: 263
            Gradient evaluations: 263
Try 0
Optimization terminated successfully.    (Exit mode 0)
            Current function value: -5154860.376726421
            Iterations: 235
            Function evaluations: 236
            Gradient evaluations: 235
Try 0
Optimization terminated successfully.    (Exit mode 0)
            Current function value: -5178086.295536643
            Iterations: 251
            Function evaluations: 251
            Gradient evaluations: 250
Try 0
Optimization terminated successfully.    (Exit mode 0)
            Current function value: -5383138.947190286
            Iterations: 232
            Function evaluations: 232
            Gradient evaluations: 231
Try 0
Optimization terminated successfully.    (Exit mode 0)
            Current function value: -5380691.2291822955
            Iterations: 241
            Function evaluations: 241
            Gradient evaluations: 241
Try 0
Optimization terminated successfully.    (Exit mode 0)
            Current function value: -5315598.779653783
            Iterations: 126
            Function evaluations: 126
            Gradient evaluations: 126
Try 0
Optimization terminated successfully.    (Exit mode 0)
            Current function value: -5218094.040442349
            Iterations: 247
            Function evaluations: 247
            Gradient evaluations: 247
Try 0
Optimization terminated successfully.    (Exit mode 0)
            Current function value: -5254461.354291733
            Iterations: 256
            Function evaluations: 256
            Gradient evaluations: 256
Try 0
Optimization terminated successfully.    (Exit mode 0)
            Current function value: -5272149.634839011
            Iterations: 271
            Function evaluations: 271
            Gradient evaluations: 270
Try 0
Optimization terminated successfully.    (Exit mode 0)
            Current function value: -5206166.910946336
            Iterations: 253
            Function evaluations: 254
            Gradient evaluations: 253
Try 0
Optimization terminated successfully.    (Exit mode 0)
            Current function value: -5267438.271346432
            Iterations: 177
            Function evaluations: 178
            Gradient evaluations: 177
Try 0
Optimization terminated successfully.    (Exit mode 0)
            Current function value: -5516407.8305219505
            Iterations: 235
            Function evaluations: 235
            Gradient evaluations: 235
Try 0
Optimization terminated successfully.    (Exit mode 0)
            Current function value: -5505409.396784139
            Iterations: 229
            Function evaluations: 229
            Gradient evaluations: 229
Try 0
Optimization terminated successfully.    (Exit mode 0)
            Current function value: -5487879.658197727
            Iterations: 258
            Function evaluations: 257
            Gradient evaluations: 257
Try 0
Optimization terminated successfully.    (Exit mode 0)
            Current function value: -5723006.63274734
            Iterations: 269
            Function evaluations: 269
            Gradient evaluations: 269
Try 0
Optimization terminated successfully.    (Exit mode 0)
            Current function value: -5656401.504652875
            Iterations: 57
            Function evaluations: 57
            Gradient evaluations: 57
Try 0
Optimization terminated successfully.    (Exit mode 0)
            Current function value: -5809835.958123004
            Iterations: 248
            Function evaluations: 248
            Gradient evaluations: 248
Try 0
Optimization terminated successfully.    (Exit mode 0)
            Current function value: -5935207.072786184
            Iterations: 260
            Function evaluations: 259
            Gradient evaluations: 259
Try 0
Optimization terminated successfully.    (Exit mode 0)
            Current function value: -5950168.409224655
            Iterations: 246
            Function evaluations: 245
            Gradient evaluations: 245
Try 0
Optimization terminated successfully.    (Exit mode 0)
            Current function value: -6186878.9691476915
            Iterations: 263
            Function evaluations: 262
            Gradient evaluations: 262
Try 0
Optimization terminated successfully.    (Exit mode 0)
            Current function value: -6105698.552790661
            Iterations: 266
            Function evaluations: 266
            Gradient evaluations: 266
Try 0
Optimization terminated successfully.    (Exit mode 0)
            Current function value: -6155963.600962037
            Iterations: 278
            Function evaluations: 277
            Gradient evaluations: 277
Try 0
Optimization terminated successfully.    (Exit mode 0)
            Current function value: -6081661.144958237
            Iterations: 56
            Function evaluations: 56
            Gradient evaluations: 56
Try 0
Optimization terminated successfully.    (Exit mode 0)
            Current function value: -6293026.4603722915
            Iterations: 259
            Function evaluations: 259
            Gradient evaluations: 259
Try 0
Optimization terminated successfully.    (Exit mode 0)
            Current function value: -6666988.96452629
            Iterations: 208
            Function evaluations: 207
            Gradient evaluations: 207
Try 0
Optimization terminated successfully.    (Exit mode 0)
            Current function value: -6637223.862333271
            Iterations: 256
            Function evaluations: 256
            Gradient evaluations: 256
Try 0
Optimization terminated successfully.    (Exit mode 0)
            Current function value: -6743804.672938658
            Iterations: 260
            Function evaluations: 259
            Gradient evaluations: 259
Try 0
Optimization terminated successfully.    (Exit mode 0)
            Current function value: -7021727.845241705
            Iterations: 230
            Function evaluations: 229
            Gradient evaluations: 229
Try 0
Optimization terminated successfully.    (Exit mode 0)
            Current function value: -7161493.041881235
            Iterations: 159
            Function evaluations: 159
            Gradient evaluations: 159
Try 0
Optimization terminated successfully.    (Exit mode 0)
            Current function value: -7512702.339276779
            Iterations: 260
            Function evaluations: 259
            Gradient evaluations: 259
Try 0
Optimization terminated successfully.    (Exit mode 0)
            Current function value: -7908795.645987738
            Iterations: 232
            Function evaluations: 231
            Gradient evaluations: 231
Try 0
Optimization terminated successfully.    (Exit mode 0)
            Current function value: -7868410.279698322
            Iterations: 260
            Function evaluations: 260
            Gradient evaluations: 260
Try 0
Optimization terminated successfully.    (Exit mode 0)
            Current function value: -8079484.0893471185
            Iterations: 272
            Function evaluations: 271
            Gradient evaluations: 271
Try 0
Optimization terminated successfully.    (Exit mode 0)
            Current function value: -8164588.015733826
            Iterations: 239
            Function evaluations: 239
            Gradient evaluations: 239
Try 0
Optimization terminated successfully.    (Exit mode 0)
            Current function value: -8327610.645320363
            Iterations: 240
            Function evaluations: 240
            Gradient evaluations: 240
Try 0
Optimization terminated successfully.    (Exit mode 0)
            Current function value: -8603280.556843314
            Iterations: 181
            Function evaluations: 181
            Gradient evaluations: 181
Try 0
Optimization terminated successfully.    (Exit mode 0)
            Current function value: -9001130.776680011
            Iterations: 227
            Function evaluations: 226
            Gradient evaluations: 226
Try 0
Optimization terminated successfully.    (Exit mode 0)
            Current function value: -9322795.570840027
            Iterations: 279
            Function evaluations: 278
            Gradient evaluations: 278
Try 0
Optimization terminated successfully.    (Exit mode 0)
            Current function value: -9339211.726380292
            Iterations: 298
            Function evaluations: 301
            Gradient evaluations: 298
Try 0
Optimization terminated successfully.    (Exit mode 0)
            Current function value: -9583244.154296037
            Iterations: 280
            Function evaluations: 280
            Gradient evaluations: 280
Try 0
Optimization terminated successfully.    (Exit mode 0)
            Current function value: -9668615.950845413
            Iterations: 192
            Function evaluations: 191
            Gradient evaluations: 191
Try 0
Optimization terminated successfully.    (Exit mode 0)
            Current function value: -10015570.839775043
            Iterations: 292
            Function evaluations: 291
            Gradient evaluations: 291
Try 0
Optimization terminated successfully.    (Exit mode 0)
            Current function value: -10363684.686186496
            Iterations: 213
            Function evaluations: 213
            Gradient evaluations: 213
Try 0
Optimization terminated successfully.    (Exit mode 0)
            Current function value: -10494625.111571357
            Iterations: 261
            Function evaluations: 261
            Gradient evaluations: 261
Try 0
Optimization terminated successfully.    (Exit mode 0)
            Current function value: -10702271.758844834
            Iterations: 277
            Function evaluations: 277
            Gradient evaluations: 277
Try 0
Optimization terminated successfully.    (Exit mode 0)
            Current function value: -10743531.64243002
            Iterations: 269
            Function evaluations: 268
            Gradient evaluations: 268
Try 0
Optimization terminated successfully.    (Exit mode 0)
            Current function value: -11107653.85737304
            Iterations: 218
            Function evaluations: 217
            Gradient evaluations: 217
Try 0
Optimization terminated successfully.    (Exit mode 0)
            Current function value: -11194845.595321726
            Iterations: 182
            Function evaluations: 181
            Gradient evaluations: 181
Try 0
Optimization terminated successfully.    (Exit mode 0)
            Current function value: -11296336.872836404
            Iterations: 283
            Function evaluations: 282
            Gradient evaluations: 282
Try 0
Optimization terminated successfully.    (Exit mode 0)
            Current function value: -11384615.848504158
            Iterations: 282
            Function evaluations: 282
            Gradient evaluations: 282
Try 0
Optimization terminated successfully.    (Exit mode 0)
            Current function value: -11234175.238028858
            Iterations: 294
            Function evaluations: 294
            Gradient evaluations: 294
Try 0
Optimization terminated successfully.    (Exit mode 0)
            Current function value: -11471145.789580366
            Iterations: 116
            Function evaluations: 116
            Gradient evaluations: 116
Try 0
Optimization terminated successfully.    (Exit mode 0)
            Current function value: -11516801.895247001
            Iterations: 304
            Function evaluations: 303
            Gradient evaluations: 303
Try 0
Optimization terminated successfully.    (Exit mode 0)
            Current function value: -11633664.19297835
            Iterations: 191
            Function evaluations: 190
            Gradient evaluations: 190
Try 0
Optimization terminated successfully.    (Exit mode 0)
            Current function value: -11472997.24511646
            Iterations: 261
            Function evaluations: 261
            Gradient evaluations: 261
Try 0
Optimization terminated successfully.    (Exit mode 0)
            Current function value: -11644757.169126516
            Iterations: 184
            Function evaluations: 184
            Gradient evaluations: 184
Try 0
Optimization terminated successfully.    (Exit mode 0)
            Current function value: -11552483.77662132
            Iterations: 38
            Function evaluations: 38
            Gradient evaluations: 38
Try 0
Optimization terminated successfully.    (Exit mode 0)
            Current function value: -11495317.132494126
            Iterations: 285
            Function evaluations: 284
            Gradient evaluations: 284
Try 0
Optimization terminated successfully.    (Exit mode 0)
            Current function value: -11518818.800001211
            Iterations: 288
            Function evaluations: 288
            Gradient evaluations: 288
Try 0
Optimization terminated successfully.    (Exit mode 0)
            Current function value: -11702057.748335045
            Iterations: 290
            Function evaluations: 289
            Gradient evaluations: 289
Try 0
Optimization terminated successfully.    (Exit mode 0)
            Current function value: -11853270.455161568
            Iterations: 279
            Function evaluations: 279
            Gradient evaluations: 279
Try 0
Optimization terminated successfully.    (Exit mode 0)
            Current function value: -11866971.226128655
            Iterations: 256
            Function evaluations: 256
            Gradient evaluations: 256
Try 0
Optimization terminated successfully.    (Exit mode 0)
            Current function value: -11878174.501755565
            Iterations: 304
            Function evaluations: 303
            Gradient evaluations: 303
Try 0
Optimization terminated successfully.    (Exit mode 0)
            Current function value: -11816028.624016412
            Iterations: 307
            Function evaluations: 307
            Gradient evaluations: 307
Try 0
Optimization terminated successfully.    (Exit mode 0)
            Current function value: -11669054.568587411
            Iterations: 247
            Function evaluations: 246
            Gradient evaluations: 246
Try 0
Optimization terminated successfully.    (Exit mode 0)
            Current function value: -11571140.145597773
            Iterations: 293
            Function evaluations: 292
            Gradient evaluations: 292
Try 0
Optimization terminated successfully.    (Exit mode 0)
            Current function value: -11189046.994153365
            Iterations: 307
            Function evaluations: 307
            Gradient evaluations: 306
Try 0
Optimization terminated successfully.    (Exit mode 0)
            Current function value: -10891340.822483808
            Iterations: 282
            Function evaluations: 282
            Gradient evaluations: 282
Try 0
Optimization terminated successfully.    (Exit mode 0)
            Current function value: -10641670.073808122
            Iterations: 284
            Function evaluations: 284
            Gradient evaluations: 284
Try 0
Optimization terminated successfully.    (Exit mode 0)
            Current function value: -10565327.077447522
            Iterations: 286
            Function evaluations: 285
            Gradient evaluations: 285
Try 0
Optimization terminated successfully.    (Exit mode 0)
            Current function value: -10566524.614645336
            Iterations: 278
            Function evaluations: 277
            Gradient evaluations: 277
